------------------------
Error_3195452.err
HPCScript.sh
Output_3195452.out
ShallowNetwork_Optimisation.py
__pycache__
earLobe.csv
innerArm.csv
reading_raman.py
thumbNail.csv
vein.csv
-----------------------
innerArm.csv
earLobe.csv
thumbNail.csv
vein.csv
(80, 1, 1001) (80,)
<class 'skorch.classifier.NeuralNetClassifier'>[uninitialized](
  module=<class '__main__.Net'>,
  module__kernel_size_conv1=10,
  module__num_units=2,
  module__stride_conv1=1,
)
Fitting 5 folds for each of 1000 candidates, totalling 5000 fits
0.95 {'optimizer__weight_decay': 0.001, 'module__stride_conv1': 7, 'module__num_units': 4, 'module__kernel_size_conv1': 8}
